2023-07-01T00:51:20.199+05:30  INFO 9488 --- [main] c.b.e.EmployeepayrollApplication         : Starting EmployeepayrollApplication using Java 20.0.1 with PID 9488 (E:\Notepad++ java code\SpringWorkspace\employeepayroll\target\classes started by milin in E:\Notepad++ java code\SpringWorkspace\employeepayroll)
2023-07-01T00:51:20.210+05:30 DEBUG 9488 --- [main] c.b.e.EmployeepayrollApplication         : Running with Spring Boot v3.1.0, Spring v6.0.9
2023-07-01T00:51:20.211+05:30  INFO 9488 --- [main] c.b.e.EmployeepayrollApplication         : The following 1 profile is active: "dev"
2023-07-01T00:51:21.109+05:30  INFO 9488 --- [main] .s.d.r.c.RepositoryConfigurationDelegate : Bootstrapping Spring Data JPA repositories in DEFAULT mode.
2023-07-01T00:51:21.143+05:30  INFO 9488 --- [main] .s.d.r.c.RepositoryConfigurationDelegate : Finished Spring Data repository scanning in 21 ms. Found 0 JPA repository interfaces.
2023-07-01T00:51:21.904+05:30  INFO 9488 --- [main] o.s.b.w.embedded.tomcat.TomcatWebServer  : Tomcat initialized with port(s): 8080 (http)
2023-07-01T00:51:21.918+05:30  INFO 9488 --- [main] o.apache.catalina.core.StandardService   : Starting service [Tomcat]
2023-07-01T00:51:21.918+05:30  INFO 9488 --- [main] o.apache.catalina.core.StandardEngine    : Starting Servlet engine: [Apache Tomcat/10.1.8]
2023-07-01T00:51:22.020+05:30  INFO 9488 --- [main] o.a.c.c.C.[Tomcat].[localhost].[/]       : Initializing Spring embedded WebApplicationContext
2023-07-01T00:51:22.021+05:30  INFO 9488 --- [main] w.s.c.ServletWebServerApplicationContext : Root WebApplicationContext: initialization completed in 1733 ms
2023-07-01T00:51:22.608+05:30  INFO 9488 --- [main] o.s.o.j.p.SpringPersistenceUnitInfo      : No LoadTimeWeaver setup: ignoring JPA class transformer
2023-07-01T00:51:22.639+05:30  INFO 9488 --- [main] com.zaxxer.hikari.HikariDataSource       : HikariPool-1 - Starting...
2023-07-01T00:51:23.290+05:30  INFO 9488 --- [main] com.zaxxer.hikari.pool.HikariPool        : HikariPool-1 - Added connection com.mysql.cj.jdbc.ConnectionImpl@173511ff
2023-07-01T00:51:23.297+05:30  INFO 9488 --- [main] com.zaxxer.hikari.HikariDataSource       : HikariPool-1 - Start completed.
2023-07-01T00:51:24.564+05:30  INFO 9488 --- [main] j.LocalContainerEntityManagerFactoryBean : Initialized JPA EntityManagerFactory for persistence unit 'default'
2023-07-01T00:51:24.626+05:30  WARN 9488 --- [main] JpaBaseConfiguration$JpaWebConfiguration : spring.jpa.open-in-view is enabled by default. Therefore, database queries may be performed during view rendering. Explicitly configure spring.jpa.open-in-view to disable this warning
2023-07-01T00:51:25.090+05:30  INFO 9488 --- [main] o.s.b.w.embedded.tomcat.TomcatWebServer  : Tomcat started on port(s): 8080 (http) with context path ''
2023-07-01T00:51:25.102+05:30  INFO 9488 --- [main] c.b.e.EmployeepayrollApplication         : Started EmployeepayrollApplication in 5.553 seconds (process running for 6.582)
2023-07-01T00:51:25.106+05:30  INFO 9488 --- [main] c.b.e.EmployeepayrollApplication         : Employee payroll app started in DEV Environment
2023-07-01T00:51:25.107+05:30  INFO 9488 --- [main] c.b.e.EmployeepayrollApplication         : Employee Payroll DB User is root 
2023-07-01T00:51:34.128+05:30  INFO 9488 --- [SpringApplicationShutdownHook] j.LocalContainerEntityManagerFactoryBean : Closing JPA EntityManagerFactory for persistence unit 'default'
2023-07-01T00:51:34.131+05:30  INFO 9488 --- [SpringApplicationShutdownHook] com.zaxxer.hikari.HikariDataSource       : HikariPool-1 - Shutdown initiated...
2023-07-01T00:51:34.142+05:30  INFO 9488 --- [SpringApplicationShutdownHook] com.zaxxer.hikari.HikariDataSource       : HikariPool-1 - Shutdown completed.
2023-07-01T11:00:35.511+05:30  INFO 28212 --- [main] c.b.e.EmployeepayrollApplication         : Starting EmployeepayrollApplication using Java 20.0.1 with PID 28212 (E:\Notepad++ java code\SpringWorkspace\employeepayroll\target\classes started by milin in E:\Notepad++ java code\SpringWorkspace\employeepayroll)
2023-07-01T11:00:35.515+05:30 DEBUG 28212 --- [main] c.b.e.EmployeepayrollApplication         : Running with Spring Boot v3.1.0, Spring v6.0.9
2023-07-01T11:00:35.516+05:30  INFO 28212 --- [main] c.b.e.EmployeepayrollApplication         : The following 1 profile is active: "dev"
2023-07-01T11:00:36.663+05:30  INFO 28212 --- [main] .s.d.r.c.RepositoryConfigurationDelegate : Bootstrapping Spring Data JPA repositories in DEFAULT mode.
2023-07-01T11:00:36.758+05:30  INFO 28212 --- [main] .s.d.r.c.RepositoryConfigurationDelegate : Finished Spring Data repository scanning in 80 ms. Found 1 JPA repository interfaces.
2023-07-01T11:00:37.640+05:30  INFO 28212 --- [main] o.s.b.w.embedded.tomcat.TomcatWebServer  : Tomcat initialized with port(s): 8080 (http)
2023-07-01T11:00:37.657+05:30  INFO 28212 --- [main] o.apache.catalina.core.StandardService   : Starting service [Tomcat]
2023-07-01T11:00:37.657+05:30  INFO 28212 --- [main] o.apache.catalina.core.StandardEngine    : Starting Servlet engine: [Apache Tomcat/10.1.8]
2023-07-01T11:00:37.810+05:30  INFO 28212 --- [main] o.a.c.c.C.[Tomcat].[localhost].[/]       : Initializing Spring embedded WebApplicationContext
2023-07-01T11:00:37.811+05:30  INFO 28212 --- [main] w.s.c.ServletWebServerApplicationContext : Root WebApplicationContext: initialization completed in 2210 ms
2023-07-01T11:00:38.604+05:30  INFO 28212 --- [main] o.s.o.j.p.SpringPersistenceUnitInfo      : No LoadTimeWeaver setup: ignoring JPA class transformer
2023-07-01T11:00:38.632+05:30  INFO 28212 --- [main] com.zaxxer.hikari.HikariDataSource       : HikariPool-1 - Starting...
2023-07-01T11:00:39.254+05:30  INFO 28212 --- [main] com.zaxxer.hikari.pool.HikariPool        : HikariPool-1 - Added connection com.mysql.cj.jdbc.ConnectionImpl@51d8f2f2
2023-07-01T11:00:39.260+05:30  INFO 28212 --- [main] com.zaxxer.hikari.HikariDataSource       : HikariPool-1 - Start completed.
2023-07-01T11:00:40.662+05:30  INFO 28212 --- [main] j.LocalContainerEntityManagerFactoryBean : Initialized JPA EntityManagerFactory for persistence unit 'default'
2023-07-01T11:00:41.071+05:30  WARN 28212 --- [main] JpaBaseConfiguration$JpaWebConfiguration : spring.jpa.open-in-view is enabled by default. Therefore, database queries may be performed during view rendering. Explicitly configure spring.jpa.open-in-view to disable this warning
2023-07-01T11:00:41.572+05:30  INFO 28212 --- [main] o.s.b.w.embedded.tomcat.TomcatWebServer  : Tomcat started on port(s): 8080 (http) with context path ''
2023-07-01T11:00:41.583+05:30  INFO 28212 --- [main] c.b.e.EmployeepayrollApplication         : Started EmployeepayrollApplication in 6.922 seconds (process running for 7.9)
2023-07-01T11:00:41.587+05:30  INFO 28212 --- [main] c.b.e.EmployeepayrollApplication         : Employee payroll app started in DEV Environment
2023-07-01T11:00:41.588+05:30  INFO 28212 --- [main] c.b.e.EmployeepayrollApplication         : Employee Payroll DB User is root 
2023-07-01T11:02:50.387+05:30  INFO 28212 --- [http-nio-8080-exec-2] o.a.c.c.C.[Tomcat].[localhost].[/]       : Initializing Spring DispatcherServlet 'dispatcherServlet'
2023-07-01T11:02:50.729+05:30 ERROR 28212 --- [http-nio-8080-exec-2] c.b.e.e.EmployeePayrollExceptionHandler  : Invalid date formate

org.springframework.http.converter.HttpMessageNotReadableException: JSON parse error: Cannot deserialize value of type `java.time.LocalDate` from String "29 Oc 2022": Failed to deserialize java.time.LocalDate: (java.time.format.DateTimeParseException) Text '29 Oc 2022' could not be parsed at index 3
	at org.springframework.http.converter.json.AbstractJackson2HttpMessageConverter.readJavaType(AbstractJackson2HttpMessageConverter.java:406) ~[spring-web-6.0.9.jar:6.0.9]
	at org.springframework.http.converter.json.AbstractJackson2HttpMessageConverter.read(AbstractJackson2HttpMessageConverter.java:354) ~[spring-web-6.0.9.jar:6.0.9]
	at org.springframework.web.servlet.mvc.method.annotation.AbstractMessageConverterMethodArgumentResolver.readWithMessageConverters(AbstractMessageConverterMethodArgumentResolver.java:183) ~[spring-webmvc-6.0.9.jar:6.0.9]
	at org.springframework.web.servlet.mvc.method.annotation.RequestResponseBodyMethodProcessor.readWithMessageConverters(RequestResponseBodyMethodProcessor.java:163) ~[spring-webmvc-6.0.9.jar:6.0.9]
	at org.springframework.web.servlet.mvc.method.annotation.RequestResponseBodyMethodProcessor.resolveArgument(RequestResponseBodyMethodProcessor.java:136) ~[spring-webmvc-6.0.9.jar:6.0.9]
	at org.springframework.web.method.support.HandlerMethodArgumentResolverComposite.resolveArgument(HandlerMethodArgumentResolverComposite.java:122) ~[spring-web-6.0.9.jar:6.0.9]
	at org.springframework.web.method.support.InvocableHandlerMethod.getMethodArgumentValues(InvocableHandlerMethod.java:181) ~[spring-web-6.0.9.jar:6.0.9]
	at org.springframework.web.method.support.InvocableHandlerMethod.invokeForRequest(InvocableHandlerMethod.java:148) ~[spring-web-6.0.9.jar:6.0.9]
	at org.springframework.web.servlet.mvc.method.annotation.ServletInvocableHandlerMethod.invokeAndHandle(ServletInvocableHandlerMethod.java:118) ~[spring-webmvc-6.0.9.jar:6.0.9]
	at org.springframework.web.servlet.mvc.method.annotation.RequestMappingHandlerAdapter.invokeHandlerMethod(RequestMappingHandlerAdapter.java:884) ~[spring-webmvc-6.0.9.jar:6.0.9]
	at org.springframework.web.servlet.mvc.method.annotation.RequestMappingHandlerAdapter.handleInternal(RequestMappingHandlerAdapter.java:797) ~[spring-webmvc-6.0.9.jar:6.0.9]
	at org.springframework.web.servlet.mvc.method.AbstractHandlerMethodAdapter.handle(AbstractHandlerMethodAdapter.java:87) ~[spring-webmvc-6.0.9.jar:6.0.9]
	at org.springframework.web.servlet.DispatcherServlet.doDispatch(DispatcherServlet.java:1081) ~[spring-webmvc-6.0.9.jar:6.0.9]
	at org.springframework.web.servlet.DispatcherServlet.doService(DispatcherServlet.java:974) ~[spring-webmvc-6.0.9.jar:6.0.9]
	at org.springframework.web.servlet.FrameworkServlet.processRequest(FrameworkServlet.java:1011) ~[spring-webmvc-6.0.9.jar:6.0.9]
	at org.springframework.web.servlet.FrameworkServlet.doPost(FrameworkServlet.java:914) ~[spring-webmvc-6.0.9.jar:6.0.9]
	at jakarta.servlet.http.HttpServlet.service(HttpServlet.java:590) ~[tomcat-embed-core-10.1.8.jar:6.0]
	at org.springframework.web.servlet.FrameworkServlet.service(FrameworkServlet.java:885) ~[spring-webmvc-6.0.9.jar:6.0.9]
	at jakarta.servlet.http.HttpServlet.service(HttpServlet.java:658) ~[tomcat-embed-core-10.1.8.jar:6.0]
	at org.apache.catalina.core.ApplicationFilterChain.internalDoFilter(ApplicationFilterChain.java:205) ~[tomcat-embed-core-10.1.8.jar:10.1.8]
	at org.apache.catalina.core.ApplicationFilterChain.doFilter(ApplicationFilterChain.java:149) ~[tomcat-embed-core-10.1.8.jar:10.1.8]
	at org.apache.tomcat.websocket.server.WsFilter.doFilter(WsFilter.java:51) ~[tomcat-embed-websocket-10.1.8.jar:10.1.8]
	at org.apache.catalina.core.ApplicationFilterChain.internalDoFilter(ApplicationFilterChain.java:174) ~[tomcat-embed-core-10.1.8.jar:10.1.8]
	at org.apache.catalina.core.ApplicationFilterChain.doFilter(ApplicationFilterChain.java:149) ~[tomcat-embed-core-10.1.8.jar:10.1.8]
	at org.springframework.web.filter.RequestContextFilter.doFilterInternal(RequestContextFilter.java:100) ~[spring-web-6.0.9.jar:6.0.9]
	at org.springframework.web.filter.OncePerRequestFilter.doFilter(OncePerRequestFilter.java:116) ~[spring-web-6.0.9.jar:6.0.9]
	at org.apache.catalina.core.ApplicationFilterChain.internalDoFilter(ApplicationFilterChain.java:174) ~[tomcat-embed-core-10.1.8.jar:10.1.8]
	at org.apache.catalina.core.ApplicationFilterChain.doFilter(ApplicationFilterChain.java:149) ~[tomcat-embed-core-10.1.8.jar:10.1.8]
	at org.springframework.web.filter.FormContentFilter.doFilterInternal(FormContentFilter.java:93) ~[spring-web-6.0.9.jar:6.0.9]
	at org.springframework.web.filter.OncePerRequestFilter.doFilter(OncePerRequestFilter.java:116) ~[spring-web-6.0.9.jar:6.0.9]
	at org.apache.catalina.core.ApplicationFilterChain.internalDoFilter(ApplicationFilterChain.java:174) ~[tomcat-embed-core-10.1.8.jar:10.1.8]
	at org.apache.catalina.core.ApplicationFilterChain.doFilter(ApplicationFilterChain.java:149) ~[tomcat-embed-core-10.1.8.jar:10.1.8]
	at org.springframework.web.filter.CharacterEncodingFilter.doFilterInternal(CharacterEncodingFilter.java:201) ~[spring-web-6.0.9.jar:6.0.9]
	at org.springframework.web.filter.OncePerRequestFilter.doFilter(OncePerRequestFilter.java:116) ~[spring-web-6.0.9.jar:6.0.9]
	at org.apache.catalina.core.ApplicationFilterChain.internalDoFilter(ApplicationFilterChain.java:174) ~[tomcat-embed-core-10.1.8.jar:10.1.8]
	at org.apache.catalina.core.ApplicationFilterChain.doFilter(ApplicationFilterChain.java:149) ~[tomcat-embed-core-10.1.8.jar:10.1.8]
	at org.apache.catalina.core.StandardWrapperValve.invoke(StandardWrapperValve.java:166) ~[tomcat-embed-core-10.1.8.jar:10.1.8]
	at org.apache.catalina.core.StandardContextValve.invoke(StandardContextValve.java:90) ~[tomcat-embed-core-10.1.8.jar:10.1.8]
	at org.apache.catalina.authenticator.AuthenticatorBase.invoke(AuthenticatorBase.java:482) ~[tomcat-embed-core-10.1.8.jar:10.1.8]
	at org.apache.catalina.core.StandardHostValve.invoke(StandardHostValve.java:115) ~[tomcat-embed-core-10.1.8.jar:10.1.8]
	at org.apache.catalina.valves.ErrorReportValve.invoke(ErrorReportValve.java:93) ~[tomcat-embed-core-10.1.8.jar:10.1.8]
	at org.apache.catalina.core.StandardEngineValve.invoke(StandardEngineValve.java:74) ~[tomcat-embed-core-10.1.8.jar:10.1.8]
	at org.apache.catalina.connector.CoyoteAdapter.service(CoyoteAdapter.java:341) ~[tomcat-embed-core-10.1.8.jar:10.1.8]
	at org.apache.coyote.http11.Http11Processor.service(Http11Processor.java:390) ~[tomcat-embed-core-10.1.8.jar:10.1.8]
	at org.apache.coyote.AbstractProcessorLight.process(AbstractProcessorLight.java:63) ~[tomcat-embed-core-10.1.8.jar:10.1.8]
	at org.apache.coyote.AbstractProtocol$ConnectionHandler.process(AbstractProtocol.java:894) ~[tomcat-embed-core-10.1.8.jar:10.1.8]
	at org.apache.tomcat.util.net.NioEndpoint$SocketProcessor.doRun(NioEndpoint.java:1741) ~[tomcat-embed-core-10.1.8.jar:10.1.8]
	at org.apache.tomcat.util.net.SocketProcessorBase.run(SocketProcessorBase.java:52) ~[tomcat-embed-core-10.1.8.jar:10.1.8]
	at org.apache.tomcat.util.threads.ThreadPoolExecutor.runWorker(ThreadPoolExecutor.java:1191) ~[tomcat-embed-core-10.1.8.jar:10.1.8]
	at org.apache.tomcat.util.threads.ThreadPoolExecutor$Worker.run(ThreadPoolExecutor.java:659) ~[tomcat-embed-core-10.1.8.jar:10.1.8]
	at org.apache.tomcat.util.threads.TaskThread$WrappingRunnable.run(TaskThread.java:61) ~[tomcat-embed-core-10.1.8.jar:10.1.8]
	at java.base/java.lang.Thread.run(Thread.java:1623) ~[na:na]
Caused by: com.fasterxml.jackson.databind.exc.InvalidFormatException: Cannot deserialize value of type `java.time.LocalDate` from String "29 Oc 2022": Failed to deserialize java.time.LocalDate: (java.time.format.DateTimeParseException) Text '29 Oc 2022' could not be parsed at index 3
 at [Source: (org.springframework.util.StreamUtils$NonClosingInputStream); line: 5, column: 17] (through reference chain: com.bridgelabz.employeepayroll.dto.EmployeePayrollDTO["startDate"])
	at com.fasterxml.jackson.databind.exc.InvalidFormatException.from(InvalidFormatException.java:67) ~[jackson-databind-2.15.0.jar:2.15.0]
	at com.fasterxml.jackson.databind.DeserializationContext.weirdStringException(DeserializationContext.java:2002) ~[jackson-databind-2.15.0.jar:2.15.0]
	at com.fasterxml.jackson.databind.DeserializationContext.handleWeirdStringValue(DeserializationContext.java:1230) ~[jackson-databind-2.15.0.jar:2.15.0]
	at com.fasterxml.jackson.datatype.jsr310.deser.JSR310DeserializerBase._handleDateTimeException(JSR310DeserializerBase.java:176) ~[jackson-datatype-jsr310-2.15.0.jar:2.15.0]
	at com.fasterxml.jackson.datatype.jsr310.deser.LocalDateDeserializer._fromString(LocalDateDeserializer.java:178) ~[jackson-datatype-jsr310-2.15.0.jar:2.15.0]
	at com.fasterxml.jackson.datatype.jsr310.deser.LocalDateDeserializer.deserialize(LocalDateDeserializer.java:91) ~[jackson-datatype-jsr310-2.15.0.jar:2.15.0]
	at com.fasterxml.jackson.datatype.jsr310.deser.LocalDateDeserializer.deserialize(LocalDateDeserializer.java:37) ~[jackson-datatype-jsr310-2.15.0.jar:2.15.0]
	at com.fasterxml.jackson.databind.deser.impl.MethodProperty.deserializeAndSet(MethodProperty.java:129) ~[jackson-databind-2.15.0.jar:2.15.0]
	at com.fasterxml.jackson.databind.deser.BeanDeserializer.deserializeFromObject(BeanDeserializer.java:392) ~[jackson-databind-2.15.0.jar:2.15.0]
	at com.fasterxml.jackson.databind.deser.BeanDeserializer.deserialize(BeanDeserializer.java:185) ~[jackson-databind-2.15.0.jar:2.15.0]
	at com.fasterxml.jackson.databind.deser.DefaultDeserializationContext.readRootValue(DefaultDeserializationContext.java:323) ~[jackson-databind-2.15.0.jar:2.15.0]
	at com.fasterxml.jackson.databind.ObjectReader._bindAndClose(ObjectReader.java:2105) ~[jackson-databind-2.15.0.jar:2.15.0]
	at com.fasterxml.jackson.databind.ObjectReader.readValue(ObjectReader.java:1481) ~[jackson-databind-2.15.0.jar:2.15.0]
	at org.springframework.http.converter.json.AbstractJackson2HttpMessageConverter.readJavaType(AbstractJackson2HttpMessageConverter.java:395) ~[spring-web-6.0.9.jar:6.0.9]
	... 51 common frames omitted
Caused by: java.time.format.DateTimeParseException: Text '29 Oc 2022' could not be parsed at index 3
	at java.base/java.time.format.DateTimeFormatter.parseResolved0(DateTimeFormatter.java:2106) ~[na:na]
	at java.base/java.time.format.DateTimeFormatter.parse(DateTimeFormatter.java:2008) ~[na:na]
	at java.base/java.time.LocalDate.parse(LocalDate.java:435) ~[na:na]
	at com.fasterxml.jackson.datatype.jsr310.deser.LocalDateDeserializer._fromString(LocalDateDeserializer.java:176) ~[jackson-datatype-jsr310-2.15.0.jar:2.15.0]
	... 60 common frames omitted

2023-07-01T11:02:58.413+05:30  INFO 28212 --- [http-nio-8080-exec-5] c.b.e.c.EmployeePayrollController        : Employee DTO: EmployeePayrollDTO(name=Name, salary=30000, gender=male, startDate=2022-10-29, note=All is well, profilePic=pic, department=[HR, SDE])
2023-07-01T11:03:02.292+05:30  INFO 28212 --- [http-nio-8080-exec-4] c.b.e.c.EmployeePayrollController        : Employee DTO: EmployeePayrollDTO(name=Name, salary=30000, gender=male, startDate=2022-10-29, note=All is well, profilePic=pic, department=[HR, SDE])
2023-07-01T13:03:57.872+05:30  WARN 28212 --- [HikariPool-1 housekeeper] com.zaxxer.hikari.pool.HikariPool        : HikariPool-1 - Thread starvation or clock leap detected (housekeeper delta=1h13m50s254ms462µs).
2023-07-01T13:05:32.918+05:30  INFO 28212 --- [SpringApplicationShutdownHook] j.LocalContainerEntityManagerFactoryBean : Closing JPA EntityManagerFactory for persistence unit 'default'
2023-07-01T13:05:32.948+05:30  INFO 28212 --- [SpringApplicationShutdownHook] com.zaxxer.hikari.HikariDataSource       : HikariPool-1 - Shutdown initiated...
2023-07-01T13:05:32.964+05:30  INFO 28212 --- [SpringApplicationShutdownHook] com.zaxxer.hikari.HikariDataSource       : HikariPool-1 - Shutdown completed.
2023-07-01T13:30:41.652+05:30  INFO 25852 --- [main] c.b.e.EmployeepayrollApplication         : Starting EmployeepayrollApplication using Java 20.0.1 with PID 25852 (E:\Notepad++ java code\SpringWorkspace\employeepayroll\target\classes started by milin in E:\Notepad++ java code\SpringWorkspace\employeepayroll)
2023-07-01T13:30:41.663+05:30 DEBUG 25852 --- [main] c.b.e.EmployeepayrollApplication         : Running with Spring Boot v3.1.0, Spring v6.0.9
2023-07-01T13:30:41.667+05:30  INFO 25852 --- [main] c.b.e.EmployeepayrollApplication         : The following 1 profile is active: "dev"
2023-07-01T13:30:43.390+05:30  INFO 25852 --- [main] .s.d.r.c.RepositoryConfigurationDelegate : Bootstrapping Spring Data JPA repositories in DEFAULT mode.
2023-07-01T13:30:43.530+05:30  INFO 25852 --- [main] .s.d.r.c.RepositoryConfigurationDelegate : Finished Spring Data repository scanning in 106 ms. Found 1 JPA repository interfaces.
2023-07-01T13:30:44.666+05:30  INFO 25852 --- [main] o.s.b.w.embedded.tomcat.TomcatWebServer  : Tomcat initialized with port(s): 8080 (http)
2023-07-01T13:30:44.690+05:30  INFO 25852 --- [main] o.apache.catalina.core.StandardService   : Starting service [Tomcat]
2023-07-01T13:30:44.693+05:30  INFO 25852 --- [main] o.apache.catalina.core.StandardEngine    : Starting Servlet engine: [Apache Tomcat/10.1.8]
2023-07-01T13:30:44.910+05:30  INFO 25852 --- [main] o.a.c.c.C.[Tomcat].[localhost].[/]       : Initializing Spring embedded WebApplicationContext
2023-07-01T13:30:44.910+05:30  INFO 25852 --- [main] w.s.c.ServletWebServerApplicationContext : Root WebApplicationContext: initialization completed in 3052 ms
2023-07-01T13:30:45.967+05:30  INFO 25852 --- [main] o.s.o.j.p.SpringPersistenceUnitInfo      : No LoadTimeWeaver setup: ignoring JPA class transformer
2023-07-01T13:30:46.011+05:30  INFO 25852 --- [main] com.zaxxer.hikari.HikariDataSource       : HikariPool-1 - Starting...
2023-07-01T13:30:46.886+05:30  INFO 25852 --- [main] com.zaxxer.hikari.pool.HikariPool        : HikariPool-1 - Added connection com.mysql.cj.jdbc.ConnectionImpl@19b9f903
2023-07-01T13:30:46.889+05:30  INFO 25852 --- [main] com.zaxxer.hikari.HikariDataSource       : HikariPool-1 - Start completed.
2023-07-01T13:30:48.580+05:30  INFO 25852 --- [main] j.LocalContainerEntityManagerFactoryBean : Initialized JPA EntityManagerFactory for persistence unit 'default'
2023-07-01T13:30:49.062+05:30  WARN 25852 --- [main] JpaBaseConfiguration$JpaWebConfiguration : spring.jpa.open-in-view is enabled by default. Therefore, database queries may be performed during view rendering. Explicitly configure spring.jpa.open-in-view to disable this warning
2023-07-01T13:30:49.495+05:30  INFO 25852 --- [main] o.s.b.w.embedded.tomcat.TomcatWebServer  : Tomcat started on port(s): 8080 (http) with context path ''
2023-07-01T13:30:49.512+05:30  INFO 25852 --- [main] c.b.e.EmployeepayrollApplication         : Started EmployeepayrollApplication in 9.431 seconds (process running for 11.1)
2023-07-01T13:30:49.516+05:30  INFO 25852 --- [main] c.b.e.EmployeepayrollApplication         : Employee payroll app started in DEV Environment
2023-07-01T13:30:49.517+05:30  INFO 25852 --- [main] c.b.e.EmployeepayrollApplication         : Employee Payroll DB User is root 
2023-07-01T13:31:01.392+05:30  INFO 25852 --- [SpringApplicationShutdownHook] j.LocalContainerEntityManagerFactoryBean : Closing JPA EntityManagerFactory for persistence unit 'default'
2023-07-01T13:31:01.395+05:30  INFO 25852 --- [SpringApplicationShutdownHook] com.zaxxer.hikari.HikariDataSource       : HikariPool-1 - Shutdown initiated...
2023-07-01T13:31:01.403+05:30  INFO 25852 --- [SpringApplicationShutdownHook] com.zaxxer.hikari.HikariDataSource       : HikariPool-1 - Shutdown completed.
